<?xml version="1.0" encoding="UTF-8"?>
<!-- Generated by org.testng.reporters.JUnitReportReporter -->
<testsuite hostname="amit" name="com.ust.keyworddriven.test.CommandExecutor" tests="1" failures="0" timestamp="21 Dec 2015 10:31:34 GMT" time="10.544" errors="0">
  <testcase name="testCommandExecutor" time="10.544" classname="com.ust.keyworddriven.test.CommandExecutor"/>
</testsuite> <!-- com.ust.keyworddriven.test.CommandExecutor -->
